{"ts":"2025-09-13T04:48:11.595Z","type":"request","method":"GET","url":"/api/auth/me","status":304,"durationMs":74,"userId":"68c4356063384434d5899e0b","ip":"::1"}
{"ts":"2025-09-13T04:48:11.617Z","type":"request","method":"GET","url":"/api/auth/me","status":304,"durationMs":4,"userId":"68c4356063384434d5899e0b","ip":"::1"}
{"ts":"2025-09-13T04:48:11.975Z","type":"request","method":"GET","url":"/api/events","status":304,"durationMs":109,"userId":null,"ip":"::1"}
{"ts":"2025-09-13T04:48:12.028Z","type":"request","method":"GET","url":"/api/events","status":304,"durationMs":8,"userId":null,"ip":"::1"}
{"ts":"2025-09-13T04:48:19.216Z","type":"request","method":"GET","url":"/api/admin/stats","status":200,"durationMs":199,"userId":"68c4356063384434d5899e0b","ip":"::1"}
{"ts":"2025-09-13T04:48:19.239Z","type":"request","method":"GET","url":"/api/committee","status":200,"durationMs":11,"userId":"68c4356063384434d5899e0b","ip":"::1"}
{"ts":"2025-09-13T04:48:19.256Z","type":"request","method":"GET","url":"/api/admin/stats","status":304,"durationMs":32,"userId":"68c4356063384434d5899e0b","ip":"::1"}
{"ts":"2025-09-13T04:48:19.258Z","type":"request","method":"GET","url":"/api/events","status":304,"durationMs":9,"userId":null,"ip":"::1"}
{"ts":"2025-09-13T04:48:19.278Z","type":"request","method":"GET","url":"/api/committee","status":304,"durationMs":12,"userId":"68c4356063384434d5899e0b","ip":"::1"}
{"ts":"2025-09-13T04:48:19.282Z","type":"request","method":"GET","url":"/api/admin/users","status":304,"durationMs":10,"userId":"68c4356063384434d5899e0b","ip":"::1"}
{"ts":"2025-09-13T04:48:19.296Z","type":"request","method":"GET","url":"/api/events","status":304,"durationMs":7,"userId":null,"ip":"::1"}
{"ts":"2025-09-13T04:48:19.346Z","type":"request","method":"GET","url":"/api/admin/users","status":304,"durationMs":10,"userId":"68c4356063384434d5899e0b","ip":"::1"}
{"ts":"2025-09-13T04:49:26.893Z","type":"request","method":"POST","url":"/api/auth/login","status":400,"durationMs":5,"userId":null,"ip":"::1"}
{"ts":"2025-09-13T04:49:50.638Z","type":"request","method":"POST","url":"/api/auth/signup","status":201,"durationMs":91,"userId":null,"ip":"::1"}
{"ts":"2025-09-13T04:49:50.663Z","type":"request","method":"GET","url":"/api/events","status":200,"durationMs":9,"userId":null,"ip":"::1"}
{"ts":"2025-09-13T04:49:50.675Z","type":"request","method":"GET","url":"/api/events","status":304,"durationMs":5,"userId":null,"ip":"::1"}
{"ts":"2025-09-13T04:58:08.612Z","type":"request","method":"POST","url":"/api/committees","status":404,"durationMs":12,"userId":null,"ip":"::1"}
{"ts":"2025-09-13T04:59:12.578Z","type":"request","method":"POST","url":"/api/committee","status":401,"durationMs":11,"userId":null,"ip":"::1"}
{"ts":"2025-09-13T04:59:40.309Z","type":"request","method":"GET","url":"/api/events","status":304,"durationMs":29,"userId":null,"ip":"::1"}
{"ts":"2025-09-13T04:59:40.322Z","type":"request","method":"GET","url":"/api/events","status":304,"durationMs":8,"userId":null,"ip":"::1"}
{"ts":"2025-09-13T04:59:45.017Z","type":"request","method":"GET","url":"/api/events","status":200,"durationMs":21,"userId":null,"ip":"::1"}
{"ts":"2025-09-13T04:59:45.023Z","type":"request","method":"GET","url":"/api/events","status":200,"durationMs":29,"userId":null,"ip":"::1"}
{"ts":"2025-09-13T04:59:55.846Z","type":"request","method":"POST","url":"/api/auth/login","status":200,"durationMs":94,"userId":null,"ip":"::1"}
{"ts":"2025-09-13T04:59:55.919Z","type":"request","method":"GET","url":"/api/events","status":200,"durationMs":14,"userId":null,"ip":"::1"}
{"ts":"2025-09-13T04:59:55.926Z","type":"request","method":"GET","url":"/api/events","status":200,"durationMs":19,"userId":null,"ip":"::1"}
{"ts":"2025-09-13T05:00:15.413Z","type":"request","method":"POST","url":"/api/committee","status":500,"durationMs":10,"userId":"68c4356063384434d5899e0b","ip":"::1"}
{"ts":"2025-09-13T05:00:51.716Z","type":"transaction","action":"committee.create","userId":"68c4356063384434d5899e0b","committeeId":"68c4fa835e723d1f1dab5e75"}
{"ts":"2025-09-13T05:00:51.717Z","type":"request","method":"POST","url":"/api/committee","status":201,"durationMs":16,"userId":"68c4356063384434d5899e0b","ip":"::1"}
{"ts":"2025-09-13T05:01:10.546Z","type":"request","method":"GET","url":"/api/auth/me","status":200,"durationMs":3,"userId":"68c4f7ee67874bacbbdce2bb","ip":"::1"}
{"ts":"2025-09-13T05:01:10.556Z","type":"request","method":"GET","url":"/api/auth/me","status":304,"durationMs":6,"userId":"68c4f7ee67874bacbbdce2bb","ip":"::1"}
{"ts":"2025-09-13T05:01:10.584Z","type":"request","method":"GET","url":"/api/events","status":304,"durationMs":3,"userId":null,"ip":"::1"}
{"ts":"2025-09-13T05:01:10.596Z","type":"request","method":"GET","url":"/api/events","status":304,"durationMs":5,"userId":null,"ip":"::1"}
{"ts":"2025-09-13T05:01:18.246Z","type":"request","method":"GET","url":"/api/coordinator/dashboard","status":404,"durationMs":7,"userId":"68c4f7ee67874bacbbdce2bb","ip":"::1"}
{"ts":"2025-09-13T05:01:18.248Z","type":"request","method":"GET","url":"/api/coordinator/members/available","status":200,"durationMs":6,"userId":"68c4f7ee67874bacbbdce2bb","ip":"::1"}
{"ts":"2025-09-13T05:01:18.270Z","type":"request","method":"GET","url":"/api/coordinator/dashboard","status":404,"durationMs":10,"userId":"68c4f7ee67874bacbbdce2bb","ip":"::1"}
{"ts":"2025-09-13T05:01:18.273Z","type":"request","method":"GET","url":"/api/coordinator/members/available","status":304,"durationMs":11,"userId":"68c4f7ee67874bacbbdce2bb","ip":"::1"}
{"ts":"2025-09-13T05:01:29.873Z","type":"request","method":"GET","url":"/api/auth/me","status":200,"durationMs":8,"userId":"68c4f7ee67874bacbbdce2bb","ip":"::1"}
{"ts":"2025-09-13T05:01:29.875Z","type":"request","method":"GET","url":"/api/auth/me","status":200,"durationMs":5,"userId":"68c4f7ee67874bacbbdce2bb","ip":"::1"}
{"ts":"2025-09-13T05:01:29.945Z","type":"request","method":"GET","url":"/api/coordinator/dashboard","status":404,"durationMs":14,"userId":"68c4f7ee67874bacbbdce2bb","ip":"::1"}
{"ts":"2025-09-13T05:01:29.942Z","type":"request","method":"GET","url":"/api/coordinator/dashboard","status":404,"durationMs":18,"userId":"68c4f7ee67874bacbbdce2bb","ip":"::1"}
{"ts":"2025-09-13T05:01:29.952Z","type":"request","method":"GET","url":"/api/coordinator/members/available","status":200,"durationMs":12,"userId":"68c4f7ee67874bacbbdce2bb","ip":"::1"}
{"ts":"2025-09-13T05:01:29.943Z","type":"request","method":"GET","url":"/api/coordinator/members/available","status":200,"durationMs":15,"userId":"68c4f7ee67874bacbbdce2bb","ip":"::1"}
{"ts":"2025-09-13T05:01:49.782Z","type":"request","method":"GET","url":"/api/auth/me","status":200,"durationMs":11,"userId":"68c4f7ee67874bacbbdce2bb","ip":"::1"}
{"ts":"2025-09-13T05:01:49.784Z","type":"request","method":"GET","url":"/api/auth/me","status":200,"durationMs":10,"userId":"68c4f7ee67874bacbbdce2bb","ip":"::1"}
{"ts":"2025-09-13T05:01:49.843Z","type":"request","method":"GET","url":"/api/coordinator/dashboard","status":404,"durationMs":16,"userId":"68c4f7ee67874bacbbdce2bb","ip":"::1"}
{"ts":"2025-09-13T05:01:49.846Z","type":"request","method":"GET","url":"/api/coordinator/dashboard","status":404,"durationMs":12,"userId":"68c4f7ee67874bacbbdce2bb","ip":"::1"}
{"ts":"2025-09-13T05:01:49.844Z","type":"request","method":"GET","url":"/api/coordinator/members/available","status":200,"durationMs":15,"userId":"68c4f7ee67874bacbbdce2bb","ip":"::1"}
{"ts":"2025-09-13T05:01:49.850Z","type":"request","method":"GET","url":"/api/coordinator/members/available","status":200,"durationMs":14,"userId":"68c4f7ee67874bacbbdce2bb","ip":"::1"}
{"ts":"2025-09-13T05:01:51.285Z","type":"request","method":"GET","url":"/api/registrations/users/68c4f7ee67874bacbbdce2bb/registrations","status":200,"durationMs":12,"userId":"68c4f7ee67874bacbbdce2bb","ip":"::1"}
{"ts":"2025-09-13T05:01:51.296Z","type":"request","method":"GET","url":"/api/registrations/users/68c4f7ee67874bacbbdce2bb/registrations","status":200,"durationMs":21,"userId":"68c4f7ee67874bacbbdce2bb","ip":"::1"}
{"ts":"2025-09-13T05:01:57.317Z","type":"request","method":"GET","url":"/api/coordinator/members/available","status":200,"durationMs":15,"userId":"68c4f7ee67874bacbbdce2bb","ip":"::1"}
{"ts":"2025-09-13T05:01:57.319Z","type":"request","method":"GET","url":"/api/coordinator/dashboard","status":404,"durationMs":23,"userId":"68c4f7ee67874bacbbdce2bb","ip":"::1"}
{"ts":"2025-09-13T05:01:57.320Z","type":"request","method":"GET","url":"/api/coordinator/dashboard","status":404,"durationMs":16,"userId":"68c4f7ee67874bacbbdce2bb","ip":"::1"}
{"ts":"2025-09-13T05:01:57.321Z","type":"request","method":"GET","url":"/api/coordinator/members/available","status":200,"durationMs":15,"userId":"68c4f7ee67874bacbbdce2bb","ip":"::1"}
{"ts":"2025-09-13T05:01:59.237Z","type":"request","method":"GET","url":"/api/events","status":200,"durationMs":13,"userId":null,"ip":"::1"}
{"ts":"2025-09-13T05:01:59.257Z","type":"request","method":"GET","url":"/api/events","status":200,"durationMs":31,"userId":null,"ip":"::1"}
{"ts":"2025-09-13T05:01:59.273Z","type":"request","method":"GET","url":"/api/coordinator/registrations","status":404,"durationMs":19,"userId":"68c4f7ee67874bacbbdce2bb","ip":"::1"}
{"ts":"2025-09-13T05:01:59.278Z","type":"request","method":"GET","url":"/api/coordinator/registrations","status":404,"durationMs":6,"userId":"68c4f7ee67874bacbbdce2bb","ip":"::1"}
{"ts":"2025-09-13T05:02:15.915Z","type":"request","method":"GET","url":"/api/events","status":304,"durationMs":9,"userId":null,"ip":"::1"}
{"ts":"2025-09-13T05:02:15.926Z","type":"request","method":"GET","url":"/api/events","status":304,"durationMs":6,"userId":null,"ip":"::1"}
{"ts":"2025-09-13T05:02:15.953Z","type":"request","method":"GET","url":"/api/admin/registrations","status":200,"durationMs":27,"userId":"68c4356063384434d5899e0b","ip":"::1"}
{"ts":"2025-09-13T05:02:15.968Z","type":"request","method":"GET","url":"/api/admin/registrations","status":304,"durationMs":9,"userId":"68c4356063384434d5899e0b","ip":"::1"}
{"ts":"2025-09-13T05:02:21.429Z","type":"request","method":"GET","url":"/api/auth/me","status":200,"durationMs":9,"userId":"68c4356063384434d5899e0b","ip":"::1"}
{"ts":"2025-09-13T05:02:21.431Z","type":"request","method":"GET","url":"/api/auth/me","status":200,"durationMs":7,"userId":"68c4356063384434d5899e0b","ip":"::1"}
{"ts":"2025-09-13T05:02:21.701Z","type":"request","method":"GET","url":"/api/events","status":200,"durationMs":11,"userId":null,"ip":"::1"}
{"ts":"2025-09-13T05:02:21.705Z","type":"request","method":"GET","url":"/api/events","status":200,"durationMs":14,"userId":null,"ip":"::1"}
{"ts":"2025-09-13T05:02:21.753Z","type":"request","method":"GET","url":"/api/admin/registrations","status":200,"durationMs":15,"userId":"68c4356063384434d5899e0b","ip":"::1"}
{"ts":"2025-09-13T05:02:21.759Z","type":"request","method":"GET","url":"/api/admin/registrations","status":200,"durationMs":9,"userId":"68c4356063384434d5899e0b","ip":"::1"}
{"ts":"2025-09-13T05:02:32.485Z","type":"request","method":"GET","url":"/api/admin/registrations?eventId=68c4364463384434d5899e44","status":200,"durationMs":14,"userId":"68c4356063384434d5899e0b","ip":"::1"}
{"ts":"2025-09-13T05:02:39.032Z","type":"request","method":"GET","url":"/api/admin/stats","status":200,"durationMs":51,"userId":"68c4356063384434d5899e0b","ip":"::1"}
{"ts":"2025-09-13T05:02:39.035Z","type":"request","method":"GET","url":"/api/admin/stats","status":200,"durationMs":56,"userId":"68c4356063384434d5899e0b","ip":"::1"}
{"ts":"2025-09-13T05:02:39.068Z","type":"request","method":"GET","url":"/api/committee","status":200,"durationMs":18,"userId":"68c4356063384434d5899e0b","ip":"::1"}
{"ts":"2025-09-13T05:02:39.074Z","type":"request","method":"GET","url":"/api/committee","status":200,"durationMs":21,"userId":"68c4356063384434d5899e0b","ip":"::1"}
{"ts":"2025-09-13T05:02:39.103Z","type":"request","method":"GET","url":"/api/events","status":200,"durationMs":14,"userId":null,"ip":"::1"}
{"ts":"2025-09-13T05:02:39.106Z","type":"request","method":"GET","url":"/api/events","status":200,"durationMs":13,"userId":null,"ip":"::1"}
{"ts":"2025-09-13T05:02:39.128Z","type":"request","method":"GET","url":"/api/admin/users","status":200,"durationMs":12,"userId":"68c4356063384434d5899e0b","ip":"::1"}
{"ts":"2025-09-13T05:02:39.143Z","type":"request","method":"GET","url":"/api/admin/users","status":200,"durationMs":20,"userId":"68c4356063384434d5899e0b","ip":"::1"}
{"ts":"2025-09-13T05:05:01.638Z","type":"request","method":"GET","url":"/api/coordinator/members/available","status":200,"durationMs":52,"userId":"68c4f7ee67874bacbbdce2bb","ip":"::1"}
{"ts":"2025-09-13T05:05:01.651Z","type":"request","method":"GET","url":"/api/coordinator/dashboard","status":404,"durationMs":67,"userId":"68c4f7ee67874bacbbdce2bb","ip":"::1"}
{"ts":"2025-09-13T05:05:01.652Z","type":"request","method":"GET","url":"/api/coordinator/dashboard","status":404,"durationMs":59,"userId":"68c4f7ee67874bacbbdce2bb","ip":"::1"}
{"ts":"2025-09-13T05:05:01.665Z","type":"request","method":"GET","url":"/api/coordinator/members/available","status":200,"durationMs":29,"userId":"68c4f7ee67874bacbbdce2bb","ip":"::1"}
{"ts":"2025-09-13T05:05:05.135Z","type":"request","method":"GET","url":"/api/auth/me","status":200,"durationMs":5,"userId":"68c4f7ee67874bacbbdce2bb","ip":"::1"}
{"ts":"2025-09-13T05:05:05.137Z","type":"request","method":"GET","url":"/api/auth/me","status":200,"durationMs":5,"userId":"68c4f7ee67874bacbbdce2bb","ip":"::1"}
{"ts":"2025-09-13T05:05:05.214Z","type":"request","method":"GET","url":"/api/coordinator/dashboard","status":404,"durationMs":29,"userId":"68c4f7ee67874bacbbdce2bb","ip":"::1"}
{"ts":"2025-09-13T05:05:05.215Z","type":"request","method":"GET","url":"/api/coordinator/members/available","status":200,"durationMs":22,"userId":"68c4f7ee67874bacbbdce2bb","ip":"::1"}
{"ts":"2025-09-13T05:05:05.216Z","type":"request","method":"GET","url":"/api/coordinator/dashboard","status":404,"durationMs":19,"userId":"68c4f7ee67874bacbbdce2bb","ip":"::1"}
{"ts":"2025-09-13T05:05:05.217Z","type":"request","method":"GET","url":"/api/coordinator/members/available","status":200,"durationMs":19,"userId":"68c4f7ee67874bacbbdce2bb","ip":"::1"}
{"ts":"2025-09-13T05:05:12.217Z","type":"request","method":"GET","url":"/api/auth/me","status":200,"durationMs":4,"userId":"68c4356063384434d5899e0b","ip":"::1"}
{"ts":"2025-09-13T05:05:12.221Z","type":"request","method":"GET","url":"/api/auth/me","status":200,"durationMs":7,"userId":"68c4356063384434d5899e0b","ip":"::1"}
{"ts":"2025-09-13T05:05:12.525Z","type":"request","method":"GET","url":"/api/admin/stats","status":200,"durationMs":33,"userId":"68c4356063384434d5899e0b","ip":"::1"}
{"ts":"2025-09-13T05:05:12.531Z","type":"request","method":"GET","url":"/api/admin/stats","status":200,"durationMs":33,"userId":"68c4356063384434d5899e0b","ip":"::1"}
{"ts":"2025-09-13T05:05:12.569Z","type":"request","method":"GET","url":"/api/committee","status":200,"durationMs":21,"userId":"68c4356063384434d5899e0b","ip":"::1"}
{"ts":"2025-09-13T05:05:12.574Z","type":"request","method":"GET","url":"/api/committee","status":200,"durationMs":21,"userId":"68c4356063384434d5899e0b","ip":"::1"}
{"ts":"2025-09-13T05:05:12.603Z","type":"request","method":"GET","url":"/api/events","status":200,"durationMs":17,"userId":null,"ip":"::1"}
{"ts":"2025-09-13T05:05:12.616Z","type":"request","method":"GET","url":"/api/events","status":200,"durationMs":19,"userId":null,"ip":"::1"}
{"ts":"2025-09-13T05:05:12.643Z","type":"request","method":"GET","url":"/api/admin/users","status":200,"durationMs":11,"userId":"68c4356063384434d5899e0b","ip":"::1"}
{"ts":"2025-09-13T05:05:12.647Z","type":"request","method":"GET","url":"/api/admin/users","status":200,"durationMs":10,"userId":"68c4356063384434d5899e0b","ip":"::1"}
{"ts":"2025-09-13T05:06:02.992Z","type":"request","method":"GET","url":"/api/auth/me","status":200,"durationMs":4,"userId":"68c4f7ee67874bacbbdce2bb","ip":"::1"}
{"ts":"2025-09-13T05:06:02.997Z","type":"request","method":"GET","url":"/api/auth/me","status":200,"durationMs":4,"userId":"68c4f7ee67874bacbbdce2bb","ip":"::1"}
{"ts":"2025-09-13T05:06:03.062Z","type":"request","method":"GET","url":"/api/coordinator/dashboard","status":404,"durationMs":20,"userId":"68c4f7ee67874bacbbdce2bb","ip":"::1"}
{"ts":"2025-09-13T05:06:03.069Z","type":"request","method":"GET","url":"/api/coordinator/dashboard","status":404,"durationMs":13,"userId":"68c4f7ee67874bacbbdce2bb","ip":"::1"}
{"ts":"2025-09-13T05:06:03.063Z","type":"request","method":"GET","url":"/api/coordinator/members/available","status":200,"durationMs":14,"userId":"68c4f7ee67874bacbbdce2bb","ip":"::1"}
{"ts":"2025-09-13T05:06:03.077Z","type":"request","method":"GET","url":"/api/coordinator/members/available","status":200,"durationMs":18,"userId":"68c4f7ee67874bacbbdce2bb","ip":"::1"}
{"ts":"2025-09-13T05:06:47.986Z","type":"request","method":"GET","url":"/api/auth/me","status":200,"durationMs":3,"userId":"68c4f7ee67874bacbbdce2bb","ip":"::1"}
{"ts":"2025-09-13T05:06:47.989Z","type":"request","method":"GET","url":"/api/auth/me","status":200,"durationMs":4,"userId":"68c4f7ee67874bacbbdce2bb","ip":"::1"}
{"ts":"2025-09-13T05:06:48.055Z","type":"request","method":"GET","url":"/api/coordinator/dashboard","status":404,"durationMs":14,"userId":"68c4f7ee67874bacbbdce2bb","ip":"::1"}
{"ts":"2025-09-13T05:06:48.061Z","type":"request","method":"GET","url":"/api/coordinator/members/available","status":200,"durationMs":15,"userId":"68c4f7ee67874bacbbdce2bb","ip":"::1"}
{"ts":"2025-09-13T05:06:48.063Z","type":"request","method":"GET","url":"/api/coordinator/dashboard","status":404,"durationMs":13,"userId":"68c4f7ee67874bacbbdce2bb","ip":"::1"}
{"ts":"2025-09-13T05:06:48.064Z","type":"request","method":"GET","url":"/api/coordinator/members/available","status":200,"durationMs":12,"userId":"68c4f7ee67874bacbbdce2bb","ip":"::1"}
{"ts":"2025-09-13T05:14:34.842Z","type":"request","method":"GET","url":"/api/auth/me","status":200,"durationMs":38,"userId":"68c4f7ee67874bacbbdce2bb","ip":"::1"}
{"ts":"2025-09-13T05:14:34.846Z","type":"request","method":"GET","url":"/api/auth/me","status":200,"durationMs":26,"userId":"68c4f7ee67874bacbbdce2bb","ip":"::1"}
{"ts":"2025-09-13T05:14:34.924Z","type":"request","method":"GET","url":"/api/coordinator/members/available","status":404,"durationMs":27,"userId":"68c4f7ee67874bacbbdce2bb","ip":"::1"}
{"ts":"2025-09-13T05:14:34.930Z","type":"request","method":"GET","url":"/api/coordinator/members/available","status":404,"durationMs":27,"userId":"68c4f7ee67874bacbbdce2bb","ip":"::1"}
{"ts":"2025-09-13T05:14:34.943Z","type":"request","method":"GET","url":"/api/coordinator/dashboard","status":404,"durationMs":48,"userId":"68c4f7ee67874bacbbdce2bb","ip":"::1"}
{"ts":"2025-09-13T05:14:34.948Z","type":"request","method":"GET","url":"/api/coordinator/dashboard","status":404,"durationMs":50,"userId":"68c4f7ee67874bacbbdce2bb","ip":"::1"}
{"ts":"2025-09-13T05:20:42.427Z","type":"request","method":"GET","url":"/api/auth/me","status":200,"durationMs":39,"userId":"68c4f7ee67874bacbbdce2bb","ip":"::1"}
{"ts":"2025-09-13T05:20:42.433Z","type":"request","method":"GET","url":"/api/auth/me","status":200,"durationMs":25,"userId":"68c4f7ee67874bacbbdce2bb","ip":"::1"}
{"ts":"2025-09-13T05:20:42.511Z","type":"request","method":"GET","url":"/api/coordinator/dashboard","status":404,"durationMs":28,"userId":"68c4f7ee67874bacbbdce2bb","ip":"::1"}
{"ts":"2025-09-13T05:20:42.531Z","type":"request","method":"GET","url":"/api/coordinator/members/available","status":404,"durationMs":41,"userId":"68c4f7ee67874bacbbdce2bb","ip":"::1"}
{"ts":"2025-09-13T05:20:42.539Z","type":"request","method":"GET","url":"/api/coordinator/dashboard","status":404,"durationMs":47,"userId":"68c4f7ee67874bacbbdce2bb","ip":"::1"}
{"ts":"2025-09-13T05:20:42.543Z","type":"request","method":"GET","url":"/api/coordinator/members/available","status":404,"durationMs":48,"userId":"68c4f7ee67874bacbbdce2bb","ip":"::1"}
{"ts":"2025-09-13T05:21:52.722Z","type":"request","method":"GET","url":"/api/auth/me","status":200,"durationMs":35,"userId":"68c4f7ee67874bacbbdce2bb","ip":"::1"}
{"ts":"2025-09-13T05:21:52.729Z","type":"request","method":"GET","url":"/api/auth/me","status":200,"durationMs":22,"userId":"68c4f7ee67874bacbbdce2bb","ip":"::1"}
{"ts":"2025-09-13T05:21:52.783Z","type":"request","method":"GET","url":"/api/coordinator/members/available","status":404,"durationMs":10,"userId":null,"ip":"::1"}
{"ts":"2025-09-13T05:21:52.791Z","type":"request","method":"GET","url":"/api/coordinator/members/available","status":404,"durationMs":1,"userId":null,"ip":"::1"}
{"ts":"2025-09-13T05:21:52.869Z","type":"request","method":"GET","url":"/api/coordinator/dashboard","status":200,"durationMs":83,"userId":"68c4f7ee67874bacbbdce2bb","ip":"::1"}
{"ts":"2025-09-13T05:21:52.871Z","type":"request","method":"GET","url":"/api/coordinator/dashboard","status":200,"durationMs":101,"userId":"68c4f7ee67874bacbbdce2bb","ip":"::1"}
{"ts":"2025-09-13T05:23:19.710Z","type":"request","method":"GET","url":"/api/auth/me","status":200,"durationMs":34,"userId":"68c4f7ee67874bacbbdce2bb","ip":"::1"}
{"ts":"2025-09-13T05:23:19.714Z","type":"request","method":"GET","url":"/api/auth/me","status":200,"durationMs":22,"userId":"68c4f7ee67874bacbbdce2bb","ip":"::1"}
{"ts":"2025-09-13T05:23:19.771Z","type":"request","method":"GET","url":"/api/coordinator/members/available","status":404,"durationMs":2,"userId":null,"ip":"::1"}
{"ts":"2025-09-13T05:23:19.780Z","type":"request","method":"GET","url":"/api/coordinator/members/available","status":404,"durationMs":1,"userId":null,"ip":"::1"}
{"ts":"2025-09-13T05:23:19.855Z","type":"request","method":"GET","url":"/api/coordinator/dashboard","status":200,"durationMs":79,"userId":"68c4f7ee67874bacbbdce2bb","ip":"::1"}
{"ts":"2025-09-13T05:23:19.858Z","type":"request","method":"GET","url":"/api/coordinator/dashboard","status":200,"durationMs":94,"userId":"68c4f7ee67874bacbbdce2bb","ip":"::1"}
{"ts":"2025-09-13T05:23:55.333Z","type":"request","method":"POST","url":"/api/members/available","status":404,"durationMs":1,"userId":null,"ip":"::1"}
{"ts":"2025-09-13T05:26:03.372Z","type":"request","method":"GET","url":"/api/auth/me","status":200,"durationMs":41,"userId":"68c4356063384434d5899e0b","ip":"::1"}
{"ts":"2025-09-13T05:26:03.376Z","type":"request","method":"GET","url":"/api/auth/me","status":200,"durationMs":28,"userId":"68c4356063384434d5899e0b","ip":"::1"}
{"ts":"2025-09-13T05:26:03.742Z","type":"request","method":"GET","url":"/api/admin/stats","status":200,"durationMs":103,"userId":"68c4356063384434d5899e0b","ip":"::1"}
{"ts":"2025-09-13T05:26:03.749Z","type":"request","method":"GET","url":"/api/admin/stats","status":200,"durationMs":113,"userId":"68c4356063384434d5899e0b","ip":"::1"}
{"ts":"2025-09-13T05:26:03.801Z","type":"request","method":"GET","url":"/api/committee","status":200,"durationMs":36,"userId":"68c4356063384434d5899e0b","ip":"::1"}
{"ts":"2025-09-13T05:26:03.810Z","type":"request","method":"GET","url":"/api/committee","status":200,"durationMs":39,"userId":"68c4356063384434d5899e0b","ip":"::1"}
{"ts":"2025-09-13T05:26:03.837Z","type":"request","method":"GET","url":"/api/events","status":200,"durationMs":16,"userId":null,"ip":"::1"}
{"ts":"2025-09-13T05:26:03.855Z","type":"request","method":"GET","url":"/api/events","status":200,"durationMs":15,"userId":null,"ip":"::1"}
{"ts":"2025-09-13T05:26:03.883Z","type":"request","method":"GET","url":"/api/admin/users","status":200,"durationMs":22,"userId":"68c4356063384434d5899e0b","ip":"::1"}
{"ts":"2025-09-13T05:26:03.890Z","type":"request","method":"GET","url":"/api/admin/users","status":200,"durationMs":14,"userId":"68c4356063384434d5899e0b","ip":"::1"}
{"ts":"2025-09-13T05:26:10.850Z","type":"request","method":"GET","url":"/api/auth/me","status":200,"durationMs":15,"userId":"68c4f7ee67874bacbbdce2bb","ip":"::1"}
{"ts":"2025-09-13T05:26:10.859Z","type":"request","method":"GET","url":"/api/auth/me","status":200,"durationMs":17,"userId":"68c4f7ee67874bacbbdce2bb","ip":"::1"}
{"ts":"2025-09-13T05:26:10.952Z","type":"request","method":"GET","url":"/api/coordinator/members/available","status":200,"durationMs":32,"userId":"68c4f7ee67874bacbbdce2bb","ip":"::1"}
{"ts":"2025-09-13T05:26:10.962Z","type":"request","method":"GET","url":"/api/coordinator/members/available","status":200,"durationMs":38,"userId":"68c4f7ee67874bacbbdce2bb","ip":"::1"}
{"ts":"2025-09-13T05:26:10.973Z","type":"request","method":"GET","url":"/api/coordinator/dashboard","status":200,"durationMs":68,"userId":"68c4f7ee67874bacbbdce2bb","ip":"::1"}
{"ts":"2025-09-13T05:26:10.991Z","type":"request","method":"GET","url":"/api/coordinator/dashboard","status":200,"durationMs":70,"userId":"68c4f7ee67874bacbbdce2bb","ip":"::1"}
{"ts":"2025-09-13T05:26:12.649Z","type":"request","method":"GET","url":"/api/auth/me","status":200,"durationMs":12,"userId":"68c4f7ee67874bacbbdce2bb","ip":"::1"}
{"ts":"2025-09-13T05:26:12.653Z","type":"request","method":"GET","url":"/api/auth/me","status":200,"durationMs":12,"userId":"68c4f7ee67874bacbbdce2bb","ip":"::1"}
{"ts":"2025-09-13T05:26:12.773Z","type":"request","method":"GET","url":"/api/coordinator/members/available","status":200,"durationMs":58,"userId":"68c4f7ee67874bacbbdce2bb","ip":"::1"}
{"ts":"2025-09-13T05:26:12.803Z","type":"request","method":"GET","url":"/api/coordinator/members/available","status":200,"durationMs":62,"userId":"68c4f7ee67874bacbbdce2bb","ip":"::1"}
{"ts":"2025-09-13T05:26:12.818Z","type":"request","method":"GET","url":"/api/coordinator/dashboard","status":200,"durationMs":110,"userId":"68c4f7ee67874bacbbdce2bb","ip":"::1"}
{"ts":"2025-09-13T05:26:12.840Z","type":"request","method":"GET","url":"/api/coordinator/dashboard","status":200,"durationMs":88,"userId":"68c4f7ee67874bacbbdce2bb","ip":"::1"}
{"ts":"2025-09-13T05:26:28.784Z","type":"request","method":"GET","url":"/api/auth/me","status":200,"durationMs":11,"userId":"68c4f7ee67874bacbbdce2bb","ip":"::1"}
{"ts":"2025-09-13T05:26:28.785Z","type":"request","method":"GET","url":"/api/auth/me","status":200,"durationMs":6,"userId":"68c4f7ee67874bacbbdce2bb","ip":"::1"}
{"ts":"2025-09-13T05:26:28.848Z","type":"request","method":"GET","url":"/api/coordinator/members/available","status":200,"durationMs":17,"userId":"68c4f7ee67874bacbbdce2bb","ip":"::1"}
{"ts":"2025-09-13T05:26:28.902Z","type":"request","method":"GET","url":"/api/coordinator/members/available","status":200,"durationMs":70,"userId":"68c4f7ee67874bacbbdce2bb","ip":"::1"}
{"ts":"2025-09-13T05:26:28.929Z","type":"request","method":"GET","url":"/api/coordinator/dashboard","status":200,"durationMs":112,"userId":"68c4f7ee67874bacbbdce2bb","ip":"::1"}
{"ts":"2025-09-13T05:26:28.933Z","type":"request","method":"GET","url":"/api/coordinator/dashboard","status":200,"durationMs":102,"userId":"68c4f7ee67874bacbbdce2bb","ip":"::1"}
{"ts":"2025-09-13T05:28:34.845Z","type":"request","method":"GET","url":"/api/auth/me","status":200,"durationMs":8,"userId":"68c4f7ee67874bacbbdce2bb","ip":"::1"}
{"ts":"2025-09-13T05:28:34.847Z","type":"request","method":"GET","url":"/api/auth/me","status":200,"durationMs":7,"userId":"68c4f7ee67874bacbbdce2bb","ip":"::1"}
{"ts":"2025-09-13T05:28:34.951Z","type":"request","method":"GET","url":"/api/coordinator/members/available","status":200,"durationMs":39,"userId":"68c4f7ee67874bacbbdce2bb","ip":"::1"}
{"ts":"2025-09-13T05:28:34.956Z","type":"request","method":"GET","url":"/api/coordinator/members/available","status":200,"durationMs":54,"userId":"68c4f7ee67874bacbbdce2bb","ip":"::1"}
{"ts":"2025-09-13T05:28:34.997Z","type":"request","method":"GET","url":"/api/coordinator/dashboard","status":200,"durationMs":100,"userId":"68c4f7ee67874bacbbdce2bb","ip":"::1"}
{"ts":"2025-09-13T05:28:35.006Z","type":"request","method":"GET","url":"/api/coordinator/dashboard","status":200,"durationMs":99,"userId":"68c4f7ee67874bacbbdce2bb","ip":"::1"}
{"ts":"2025-09-13T05:28:40.893Z","type":"request","method":"GET","url":"/api/auth/me","status":200,"durationMs":7,"userId":"68c4f7ee67874bacbbdce2bb","ip":"::1"}
{"ts":"2025-09-13T05:28:40.895Z","type":"request","method":"GET","url":"/api/auth/me","status":200,"durationMs":7,"userId":"68c4f7ee67874bacbbdce2bb","ip":"::1"}
{"ts":"2025-09-13T05:28:40.953Z","type":"request","method":"GET","url":"/api/events","status":200,"durationMs":17,"userId":null,"ip":"::1"}
{"ts":"2025-09-13T05:28:40.956Z","type":"request","method":"GET","url":"/api/events","status":200,"durationMs":12,"userId":null,"ip":"::1"}
{"ts":"2025-09-13T05:28:42.862Z","type":"request","method":"GET","url":"/api/registrations/users/68c4f7ee67874bacbbdce2bb/registrations","status":200,"durationMs":14,"userId":"68c4f7ee67874bacbbdce2bb","ip":"::1"}
{"ts":"2025-09-13T05:28:42.864Z","type":"request","method":"GET","url":"/api/registrations/users/68c4f7ee67874bacbbdce2bb/registrations","status":200,"durationMs":8,"userId":"68c4f7ee67874bacbbdce2bb","ip":"::1"}
{"ts":"2025-09-13T05:28:44.471Z","type":"request","method":"GET","url":"/api/events","status":200,"durationMs":7,"userId":null,"ip":"::1"}
{"ts":"2025-09-13T05:28:44.475Z","type":"request","method":"GET","url":"/api/events","status":200,"durationMs":9,"userId":null,"ip":"::1"}
{"ts":"2025-09-13T05:28:44.520Z","type":"request","method":"GET","url":"/api/coordinator/registrations","status":200,"durationMs":19,"userId":"68c4f7ee67874bacbbdce2bb","ip":"::1"}
{"ts":"2025-09-13T05:28:44.522Z","type":"request","method":"GET","url":"/api/coordinator/registrations","status":200,"durationMs":25,"userId":"68c4f7ee67874bacbbdce2bb","ip":"::1"}
{"ts":"2025-09-13T05:28:45.739Z","type":"request","method":"GET","url":"/api/coordinator/reports","status":404,"durationMs":5,"userId":null,"ip":"::1"}
{"ts":"2025-09-13T05:28:45.741Z","type":"request","method":"GET","url":"/api/coordinator/reports","status":404,"durationMs":1,"userId":null,"ip":"::1"}
{"ts":"2025-09-13T05:28:59.302Z","type":"request","method":"GET","url":"/api/coordinator/members/available","status":200,"durationMs":74,"userId":"68c4f7ee67874bacbbdce2bb","ip":"::1"}
{"ts":"2025-09-13T05:28:59.338Z","type":"request","method":"GET","url":"/api/coordinator/members/available","status":200,"durationMs":107,"userId":"68c4f7ee67874bacbbdce2bb","ip":"::1"}
{"ts":"2025-09-13T05:28:59.364Z","type":"request","method":"GET","url":"/api/coordinator/dashboard","status":200,"durationMs":134,"userId":"68c4f7ee67874bacbbdce2bb","ip":"::1"}
{"ts":"2025-09-13T05:28:59.368Z","type":"request","method":"GET","url":"/api/coordinator/dashboard","status":200,"durationMs":143,"userId":"68c4f7ee67874bacbbdce2bb","ip":"::1"}
{"ts":"2025-09-13T05:29:03.982Z","type":"request","method":"GET","url":"/api/auth/me","status":200,"durationMs":5,"userId":"68c4f7ee67874bacbbdce2bb","ip":"::1"}
{"ts":"2025-09-13T05:29:03.984Z","type":"request","method":"GET","url":"/api/auth/me","status":200,"durationMs":4,"userId":"68c4f7ee67874bacbbdce2bb","ip":"::1"}
{"ts":"2025-09-13T05:29:04.064Z","type":"request","method":"GET","url":"/api/coordinator/members/available","status":200,"durationMs":21,"userId":"68c4f7ee67874bacbbdce2bb","ip":"::1"}
{"ts":"2025-09-13T05:29:04.081Z","type":"request","method":"GET","url":"/api/coordinator/members/available","status":200,"durationMs":20,"userId":"68c4f7ee67874bacbbdce2bb","ip":"::1"}
{"ts":"2025-09-13T05:29:04.092Z","type":"request","method":"GET","url":"/api/coordinator/dashboard","status":200,"durationMs":60,"userId":"68c4f7ee67874bacbbdce2bb","ip":"::1"}
{"ts":"2025-09-13T05:29:04.099Z","type":"request","method":"GET","url":"/api/coordinator/dashboard","status":200,"durationMs":54,"userId":"68c4f7ee67874bacbbdce2bb","ip":"::1"}
{"ts":"2025-09-13T05:29:59.147Z","type":"request","method":"GET","url":"/api/auth/me","status":200,"durationMs":4,"userId":"68c4f7ee67874bacbbdce2bb","ip":"::1"}
{"ts":"2025-09-13T05:29:59.152Z","type":"request","method":"GET","url":"/api/auth/me","status":200,"durationMs":3,"userId":"68c4f7ee67874bacbbdce2bb","ip":"::1"}
{"ts":"2025-09-13T05:29:59.192Z","type":"request","method":"GET","url":"/api/coordinator/reports","status":404,"durationMs":0,"userId":null,"ip":"::1"}
{"ts":"2025-09-13T05:29:59.196Z","type":"request","method":"GET","url":"/api/coordinator/reports","status":404,"durationMs":0,"userId":null,"ip":"::1"}
{"ts":"2025-09-13T05:30:06.241Z","type":"request","method":"GET","url":"/api/coordinator/members/available","status":200,"durationMs":24,"userId":"68c4f7ee67874bacbbdce2bb","ip":"::1"}
{"ts":"2025-09-13T05:30:06.244Z","type":"request","method":"GET","url":"/api/coordinator/members/available","status":200,"durationMs":24,"userId":"68c4f7ee67874bacbbdce2bb","ip":"::1"}
{"ts":"2025-09-13T05:30:06.273Z","type":"request","method":"GET","url":"/api/coordinator/dashboard","status":200,"durationMs":62,"userId":"68c4f7ee67874bacbbdce2bb","ip":"::1"}
{"ts":"2025-09-13T05:30:06.275Z","type":"request","method":"GET","url":"/api/coordinator/dashboard","status":200,"durationMs":56,"userId":"68c4f7ee67874bacbbdce2bb","ip":"::1"}
{"ts":"2025-09-13T05:30:09.994Z","type":"request","method":"GET","url":"/api/auth/me","status":200,"durationMs":7,"userId":"68c4f7ee67874bacbbdce2bb","ip":"::1"}
{"ts":"2025-09-13T05:30:10.004Z","type":"request","method":"GET","url":"/api/auth/me","status":200,"durationMs":6,"userId":"68c4f7ee67874bacbbdce2bb","ip":"::1"}
{"ts":"2025-09-13T05:30:10.099Z","type":"request","method":"GET","url":"/api/coordinator/members/available","status":200,"durationMs":31,"userId":"68c4f7ee67874bacbbdce2bb","ip":"::1"}
{"ts":"2025-09-13T05:30:10.103Z","type":"request","method":"GET","url":"/api/coordinator/members/available","status":200,"durationMs":28,"userId":"68c4f7ee67874bacbbdce2bb","ip":"::1"}
{"ts":"2025-09-13T05:30:10.132Z","type":"request","method":"GET","url":"/api/coordinator/dashboard","status":200,"durationMs":71,"userId":"68c4f7ee67874bacbbdce2bb","ip":"::1"}
{"ts":"2025-09-13T05:30:10.157Z","type":"request","method":"GET","url":"/api/coordinator/dashboard","status":200,"durationMs":86,"userId":"68c4f7ee67874bacbbdce2bb","ip":"::1"}
{"ts":"2025-09-13T05:30:49.050Z","type":"request","method":"GET","url":"/api/events","status":200,"durationMs":7,"userId":null,"ip":"::1"}
{"ts":"2025-09-13T05:30:49.053Z","type":"request","method":"GET","url":"/api/events","status":200,"durationMs":8,"userId":null,"ip":"::1"}
{"ts":"2025-09-13T05:31:02.829Z","type":"request","method":"POST","url":"/api/auth/login","status":400,"durationMs":4,"userId":null,"ip":"::1"}
{"ts":"2025-09-13T05:31:33.945Z","type":"request","method":"POST","url":"/api/auth/signup","status":201,"durationMs":122,"userId":null,"ip":"::1"}
{"ts":"2025-09-13T05:31:33.976Z","type":"request","method":"GET","url":"/api/events","status":200,"durationMs":10,"userId":null,"ip":"::1"}
{"ts":"2025-09-13T05:31:33.981Z","type":"request","method":"GET","url":"/api/events","status":200,"durationMs":8,"userId":null,"ip":"::1"}
{"ts":"2025-09-13T05:32:06.137Z","type":"request","method":"POST","url":"/api/auth/login","status":200,"durationMs":80,"userId":null,"ip":"::1"}
{"ts":"2025-09-13T05:32:06.172Z","type":"request","method":"GET","url":"/api/events","status":200,"durationMs":14,"userId":null,"ip":"::1"}
{"ts":"2025-09-13T05:32:06.173Z","type":"request","method":"GET","url":"/api/events","status":200,"durationMs":17,"userId":null,"ip":"::1"}
{"ts":"2025-09-13T05:32:10.387Z","type":"request","method":"GET","url":"/api/coordinator/members/available","status":200,"durationMs":21,"userId":"68c4f7ee67874bacbbdce2bb","ip":"::1"}
{"ts":"2025-09-13T05:32:10.390Z","type":"request","method":"GET","url":"/api/coordinator/members/available","status":200,"durationMs":21,"userId":"68c4f7ee67874bacbbdce2bb","ip":"::1"}
{"ts":"2025-09-13T05:32:10.422Z","type":"request","method":"GET","url":"/api/coordinator/dashboard","status":200,"durationMs":59,"userId":"68c4f7ee67874bacbbdce2bb","ip":"::1"}
{"ts":"2025-09-13T05:32:10.424Z","type":"request","method":"GET","url":"/api/coordinator/dashboard","status":200,"durationMs":56,"userId":"68c4f7ee67874bacbbdce2bb","ip":"::1"}
{"ts":"2025-09-13T05:32:15.394Z","type":"request","method":"POST","url":"/api/coordinator/committee/members","status":500,"durationMs":4,"userId":"68c4f7ee67874bacbbdce2bb","ip":"::1"}
{"ts":"2025-09-13T05:35:10.484Z","type":"request","method":"GET","url":"/api/auth/me","status":200,"durationMs":34,"userId":"68c4f7ee67874bacbbdce2bb","ip":"::1"}
{"ts":"2025-09-13T05:35:10.489Z","type":"request","method":"GET","url":"/api/auth/me","status":200,"durationMs":22,"userId":"68c4f7ee67874bacbbdce2bb","ip":"::1"}
{"ts":"2025-09-13T05:35:10.583Z","type":"request","method":"GET","url":"/api/coordinator/members/available","status":200,"durationMs":45,"userId":"68c4f7ee67874bacbbdce2bb","ip":"::1"}
{"ts":"2025-09-13T05:35:10.604Z","type":"request","method":"GET","url":"/api/coordinator/members/available","status":200,"durationMs":53,"userId":"68c4f7ee67874bacbbdce2bb","ip":"::1"}
{"ts":"2025-09-13T05:35:10.631Z","type":"request","method":"GET","url":"/api/coordinator/dashboard","status":200,"durationMs":95,"userId":"68c4f7ee67874bacbbdce2bb","ip":"::1"}
{"ts":"2025-09-13T05:35:10.654Z","type":"request","method":"GET","url":"/api/coordinator/dashboard","status":200,"durationMs":115,"userId":"68c4f7ee67874bacbbdce2bb","ip":"::1"}
{"ts":"2025-09-13T05:35:14.316Z","type":"request","method":"GET","url":"/api/auth/me","status":200,"durationMs":13,"userId":"68c4f7ee67874bacbbdce2bb","ip":"::1"}
{"ts":"2025-09-13T05:35:14.332Z","type":"request","method":"GET","url":"/api/auth/me","status":200,"durationMs":26,"userId":"68c4f7ee67874bacbbdce2bb","ip":"::1"}
{"ts":"2025-09-13T05:35:14.420Z","type":"request","method":"GET","url":"/api/coordinator/members/available","status":200,"durationMs":41,"userId":"68c4f7ee67874bacbbdce2bb","ip":"::1"}
{"ts":"2025-09-13T05:35:14.433Z","type":"request","method":"GET","url":"/api/coordinator/members/available","status":200,"durationMs":48,"userId":"68c4f7ee67874bacbbdce2bb","ip":"::1"}
{"ts":"2025-09-13T05:35:14.448Z","type":"request","method":"GET","url":"/api/coordinator/dashboard","status":200,"durationMs":76,"userId":"68c4f7ee67874bacbbdce2bb","ip":"::1"}
{"ts":"2025-09-13T05:35:14.468Z","type":"request","method":"GET","url":"/api/coordinator/dashboard","status":200,"durationMs":86,"userId":"68c4f7ee67874bacbbdce2bb","ip":"::1"}
{"ts":"2025-09-13T05:35:21.120Z","type":"request","method":"GET","url":"/api/auth/me","status":200,"durationMs":6,"userId":"68c4f7ee67874bacbbdce2bb","ip":"::1"}
{"ts":"2025-09-13T05:35:21.122Z","type":"request","method":"GET","url":"/api/auth/me","status":200,"durationMs":6,"userId":"68c4f7ee67874bacbbdce2bb","ip":"::1"}
{"ts":"2025-09-13T05:35:21.187Z","type":"request","method":"GET","url":"/api/coordinator/members/available","status":200,"durationMs":21,"userId":"68c4f7ee67874bacbbdce2bb","ip":"::1"}
{"ts":"2025-09-13T05:35:21.194Z","type":"request","method":"GET","url":"/api/coordinator/members/available","status":200,"durationMs":25,"userId":"68c4f7ee67874bacbbdce2bb","ip":"::1"}
{"ts":"2025-09-13T05:35:21.213Z","type":"request","method":"GET","url":"/api/coordinator/dashboard","status":200,"durationMs":52,"userId":"68c4f7ee67874bacbbdce2bb","ip":"::1"}
{"ts":"2025-09-13T05:35:21.215Z","type":"request","method":"GET","url":"/api/coordinator/dashboard","status":200,"durationMs":48,"userId":"68c4f7ee67874bacbbdce2bb","ip":"::1"}
{"ts":"2025-09-13T05:36:35.146Z","type":"request","method":"GET","url":"/api/auth/me","status":200,"durationMs":4,"userId":"68c4f7ee67874bacbbdce2bb","ip":"::1"}
{"ts":"2025-09-13T05:36:35.153Z","type":"request","method":"GET","url":"/api/auth/me","status":200,"durationMs":4,"userId":"68c4f7ee67874bacbbdce2bb","ip":"::1"}
{"ts":"2025-09-13T05:36:35.194Z","type":"request","method":"GET","url":"/api/coordinator/members/available","status":200,"durationMs":11,"userId":"68c4f7ee67874bacbbdce2bb","ip":"::1"}
{"ts":"2025-09-13T05:36:35.212Z","type":"request","method":"GET","url":"/api/coordinator/dashboard","status":200,"durationMs":32,"userId":"68c4f7ee67874bacbbdce2bb","ip":"::1"}
{"ts":"2025-09-13T05:36:35.214Z","type":"request","method":"GET","url":"/api/coordinator/members/available","status":200,"durationMs":15,"userId":"68c4f7ee67874bacbbdce2bb","ip":"::1"}
{"ts":"2025-09-13T05:36:35.221Z","type":"request","method":"GET","url":"/api/coordinator/dashboard","status":200,"durationMs":27,"userId":"68c4f7ee67874bacbbdce2bb","ip":"::1"}
{"ts":"2025-09-13T05:36:40.395Z","type":"request","method":"GET","url":"/api/auth/me","status":200,"durationMs":35,"userId":"68c4f7ee67874bacbbdce2bb","ip":"::1"}
{"ts":"2025-09-13T05:36:40.403Z","type":"request","method":"GET","url":"/api/auth/me","status":200,"durationMs":39,"userId":"68c4f7ee67874bacbbdce2bb","ip":"::1"}
{"ts":"2025-09-13T05:36:40.503Z","type":"request","method":"GET","url":"/api/coordinator/dashboard","status":200,"durationMs":50,"userId":"68c4f7ee67874bacbbdce2bb","ip":"::1"}
{"ts":"2025-09-13T05:36:40.505Z","type":"request","method":"GET","url":"/api/coordinator/members/available","status":200,"durationMs":26,"userId":"68c4f7ee67874bacbbdce2bb","ip":"::1"}
{"ts":"2025-09-13T05:36:40.511Z","type":"request","method":"GET","url":"/api/coordinator/members/available","status":200,"durationMs":23,"userId":"68c4f7ee67874bacbbdce2bb","ip":"::1"}
{"ts":"2025-09-13T05:36:40.528Z","type":"request","method":"GET","url":"/api/coordinator/dashboard","status":200,"durationMs":42,"userId":"68c4f7ee67874bacbbdce2bb","ip":"::1"}
{"ts":"2025-09-13T05:36:59.817Z","type":"request","method":"POST","url":"/api/coordinator/committee/members","status":400,"durationMs":69,"userId":"68c4f7ee67874bacbbdce2bb","ip":"::1"}
{"ts":"2025-09-13T06:16:10.869Z","type":"request","method":"GET","url":"/api/auth/me","status":200,"durationMs":99,"userId":"68c4f7ee67874bacbbdce2bb","ip":"::1"}
{"ts":"2025-09-13T06:16:10.878Z","type":"request","method":"GET","url":"/api/auth/me","status":200,"durationMs":69,"userId":"68c4f7ee67874bacbbdce2bb","ip":"::1"}
{"ts":"2025-09-13T06:16:11.073Z","type":"request","method":"GET","url":"/api/auth/me","status":200,"durationMs":21,"userId":"68c4356063384434d5899e0b","ip":"::1"}
{"ts":"2025-09-13T06:16:11.079Z","type":"request","method":"GET","url":"/api/auth/me","status":200,"durationMs":4,"userId":"68c4356063384434d5899e0b","ip":"::1"}
{"ts":"2025-09-13T06:16:11.138Z","type":"request","method":"GET","url":"/api/coordinator/members/available","status":200,"durationMs":33,"userId":"68c4f7ee67874bacbbdce2bb","ip":"::1"}
{"ts":"2025-09-13T06:16:11.155Z","type":"request","method":"GET","url":"/api/coordinator/members/available","status":200,"durationMs":24,"userId":"68c4f7ee67874bacbbdce2bb","ip":"::1"}
{"ts":"2025-09-13T06:16:11.157Z","type":"request","method":"GET","url":"/api/coordinator/dashboard","status":200,"durationMs":58,"userId":"68c4f7ee67874bacbbdce2bb","ip":"::1"}
{"ts":"2025-09-13T06:16:11.165Z","type":"request","method":"GET","url":"/api/coordinator/dashboard","status":200,"durationMs":35,"userId":"68c4f7ee67874bacbbdce2bb","ip":"::1"}
{"ts":"2025-09-13T06:16:12.106Z","type":"request","method":"GET","url":"/api/admin/stats","status":200,"durationMs":244,"userId":"68c4356063384434d5899e0b","ip":"::1"}
{"ts":"2025-09-13T06:16:12.110Z","type":"request","method":"GET","url":"/api/admin/stats","status":200,"durationMs":241,"userId":"68c4356063384434d5899e0b","ip":"::1"}
{"ts":"2025-09-13T06:16:12.282Z","type":"request","method":"GET","url":"/api/committee","status":200,"durationMs":48,"userId":"68c4356063384434d5899e0b","ip":"::1"}
{"ts":"2025-09-13T06:16:12.671Z","type":"request","method":"GET","url":"/api/committee","status":200,"durationMs":32,"userId":"68c4356063384434d5899e0b","ip":"::1"}
{"ts":"2025-09-13T06:16:12.715Z","type":"request","method":"GET","url":"/api/events","status":200,"durationMs":16,"userId":null,"ip":"::1"}
{"ts":"2025-09-13T06:16:12.725Z","type":"request","method":"GET","url":"/api/events","status":200,"durationMs":17,"userId":null,"ip":"::1"}
{"ts":"2025-09-13T06:16:12.770Z","type":"request","method":"GET","url":"/api/admin/users","status":200,"durationMs":28,"userId":"68c4356063384434d5899e0b","ip":"::1"}
{"ts":"2025-09-13T06:16:12.793Z","type":"request","method":"GET","url":"/api/admin/users","status":200,"durationMs":6,"userId":"68c4356063384434d5899e0b","ip":"::1"}
{"ts":"2025-09-13T06:16:18.051Z","type":"request","method":"POST","url":"/api/coordinator/committee/members","status":400,"durationMs":10,"userId":"68c4f7ee67874bacbbdce2bb","ip":"::1"}
{"ts":"2025-09-13T06:18:35.391Z","type":"request","method":"POST","url":"/api/coordinator/committee/members","status":400,"durationMs":45,"userId":"68c4f7ee67874bacbbdce2bb","ip":"::1"}
{"ts":"2025-09-13T06:18:38.154Z","type":"request","method":"GET","url":"/api/auth/me","status":200,"durationMs":14,"userId":"68c4f7ee67874bacbbdce2bb","ip":"::1"}
{"ts":"2025-09-13T06:18:38.160Z","type":"request","method":"GET","url":"/api/auth/me","status":200,"durationMs":5,"userId":"68c4f7ee67874bacbbdce2bb","ip":"::1"}
{"ts":"2025-09-13T06:18:38.275Z","type":"request","method":"GET","url":"/api/coordinator/members/available","status":200,"durationMs":53,"userId":"68c4f7ee67874bacbbdce2bb","ip":"::1"}
{"ts":"2025-09-13T06:18:38.271Z","type":"request","method":"GET","url":"/api/coordinator/members/available","status":200,"durationMs":54,"userId":"68c4f7ee67874bacbbdce2bb","ip":"::1"}
{"ts":"2025-09-13T06:18:38.293Z","type":"request","method":"GET","url":"/api/coordinator/dashboard","status":200,"durationMs":80,"userId":"68c4f7ee67874bacbbdce2bb","ip":"::1"}
{"ts":"2025-09-13T06:18:38.306Z","type":"request","method":"GET","url":"/api/coordinator/dashboard","status":200,"durationMs":82,"userId":"68c4f7ee67874bacbbdce2bb","ip":"::1"}
{"ts":"2025-09-13T06:20:37.418Z","type":"request","method":"GET","url":"/api/auth/me","status":200,"durationMs":34,"userId":"68c4f7ee67874bacbbdce2bb","ip":"::1"}
{"ts":"2025-09-13T06:20:37.421Z","type":"request","method":"GET","url":"/api/auth/me","status":200,"durationMs":28,"userId":"68c4f7ee67874bacbbdce2bb","ip":"::1"}
{"ts":"2025-09-13T06:20:37.519Z","type":"request","method":"GET","url":"/api/coordinator/members/available","status":200,"durationMs":48,"userId":"68c4f7ee67874bacbbdce2bb","ip":"::1"}
{"ts":"2025-09-13T06:20:37.525Z","type":"request","method":"GET","url":"/api/coordinator/members/available","status":200,"durationMs":44,"userId":"68c4f7ee67874bacbbdce2bb","ip":"::1"}
{"ts":"2025-09-13T06:20:37.557Z","type":"request","method":"GET","url":"/api/coordinator/dashboard","status":200,"durationMs":88,"userId":"68c4f7ee67874bacbbdce2bb","ip":"::1"}
{"ts":"2025-09-13T06:20:37.571Z","type":"request","method":"GET","url":"/api/coordinator/dashboard","status":200,"durationMs":98,"userId":"68c4f7ee67874bacbbdce2bb","ip":"::1"}
{"ts":"2025-09-13T06:20:46.067Z","type":"request","method":"POST","url":"/api/coordinator/committee/members","status":400,"durationMs":9,"userId":"68c4f7ee67874bacbbdce2bb","ip":"::1"}
{"ts":"2025-09-13T06:22:21.189Z","type":"request","method":"GET","url":"/api/coordinator/members/available","status":200,"durationMs":18,"userId":"68c4f7ee67874bacbbdce2bb","ip":"::1"}
{"ts":"2025-09-13T06:22:21.199Z","type":"request","method":"GET","url":"/api/coordinator/dashboard","status":200,"durationMs":35,"userId":"68c4f7ee67874bacbbdce2bb","ip":"::1"}
{"ts":"2025-09-13T06:22:27.272Z","type":"request","method":"GET","url":"/api/auth/me","status":200,"durationMs":10,"userId":"68c4f7ee67874bacbbdce2bb","ip":"::1"}
{"ts":"2025-09-13T06:22:27.275Z","type":"request","method":"GET","url":"/api/auth/me","status":200,"durationMs":11,"userId":"68c4f7ee67874bacbbdce2bb","ip":"::1"}
{"ts":"2025-09-13T06:22:27.378Z","type":"request","method":"GET","url":"/api/coordinator/members/available","status":200,"durationMs":42,"userId":"68c4f7ee67874bacbbdce2bb","ip":"::1"}
{"ts":"2025-09-13T06:22:27.391Z","type":"request","method":"GET","url":"/api/coordinator/members/available","status":200,"durationMs":47,"userId":"68c4f7ee67874bacbbdce2bb","ip":"::1"}
{"ts":"2025-09-13T06:22:27.397Z","type":"request","method":"GET","url":"/api/coordinator/dashboard","status":200,"durationMs":69,"userId":"68c4f7ee67874bacbbdce2bb","ip":"::1"}
{"ts":"2025-09-13T06:22:27.423Z","type":"request","method":"GET","url":"/api/coordinator/dashboard","status":200,"durationMs":81,"userId":"68c4f7ee67874bacbbdce2bb","ip":"::1"}
{"ts":"2025-09-13T06:22:32.172Z","type":"request","method":"POST","url":"/api/coordinator/committee/members","status":400,"durationMs":3,"userId":"68c4f7ee67874bacbbdce2bb","ip":"::1"}
{"ts":"2025-09-13T06:22:45.018Z","type":"request","method":"GET","url":"/api/events","status":200,"durationMs":96,"userId":null,"ip":"::1"}
{"ts":"2025-09-13T06:22:45.025Z","type":"request","method":"GET","url":"/api/events","status":200,"durationMs":102,"userId":null,"ip":"::1"}
{"ts":"2025-09-13T06:22:54.950Z","type":"request","method":"GET","url":"/api/coordinator/reports","status":404,"durationMs":1,"userId":null,"ip":"::1"}
{"ts":"2025-09-13T06:22:54.954Z","type":"request","method":"GET","url":"/api/coordinator/reports","status":404,"durationMs":1,"userId":null,"ip":"::1"}
{"ts":"2025-09-13T06:23:53.832Z","type":"request","method":"GET","url":"/api/coordinator/members/available","status":200,"durationMs":22,"userId":"68c4f7ee67874bacbbdce2bb","ip":"::1"}
{"ts":"2025-09-13T06:23:53.845Z","type":"request","method":"GET","url":"/api/coordinator/members/available","status":200,"durationMs":34,"userId":"68c4f7ee67874bacbbdce2bb","ip":"::1"}
{"ts":"2025-09-13T06:23:53.884Z","type":"request","method":"GET","url":"/api/coordinator/dashboard","status":200,"durationMs":73,"userId":"68c4f7ee67874bacbbdce2bb","ip":"::1"}
{"ts":"2025-09-13T06:23:53.886Z","type":"request","method":"GET","url":"/api/coordinator/dashboard","status":200,"durationMs":78,"userId":"68c4f7ee67874bacbbdce2bb","ip":"::1"}
{"ts":"2025-09-13T06:23:56.863Z","type":"request","method":"POST","url":"/api/coordinator/committee/members","status":400,"durationMs":3,"userId":"68c4f7ee67874bacbbdce2bb","ip":"::1"}
{"ts":"2025-09-13T06:26:20.295Z","type":"request","method":"GET","url":"/api/coordinator/members/available","status":200,"durationMs":13,"userId":"68c4f7ee67874bacbbdce2bb","ip":"::1"}
{"ts":"2025-09-13T06:26:20.301Z","type":"request","method":"GET","url":"/api/coordinator/dashboard","status":200,"durationMs":22,"userId":"68c4f7ee67874bacbbdce2bb","ip":"::1"}
{"ts":"2025-09-13T06:26:25.779Z","type":"request","method":"GET","url":"/api/auth/me","status":200,"durationMs":3,"userId":"68c4f7ee67874bacbbdce2bb","ip":"::1"}
{"ts":"2025-09-13T06:26:25.797Z","type":"request","method":"GET","url":"/api/auth/me","status":200,"durationMs":8,"userId":"68c4f7ee67874bacbbdce2bb","ip":"::1"}
{"ts":"2025-09-13T06:26:25.895Z","type":"request","method":"GET","url":"/api/coordinator/members/available","status":200,"durationMs":45,"userId":"68c4f7ee67874bacbbdce2bb","ip":"::1"}
{"ts":"2025-09-13T06:26:25.900Z","type":"request","method":"GET","url":"/api/coordinator/members/available","status":200,"durationMs":44,"userId":"68c4f7ee67874bacbbdce2bb","ip":"::1"}
{"ts":"2025-09-13T06:26:25.917Z","type":"request","method":"GET","url":"/api/coordinator/dashboard","status":200,"durationMs":62,"userId":"68c4f7ee67874bacbbdce2bb","ip":"::1"}
{"ts":"2025-09-13T06:26:25.926Z","type":"request","method":"GET","url":"/api/coordinator/dashboard","status":200,"durationMs":78,"userId":"68c4f7ee67874bacbbdce2bb","ip":"::1"}
{"ts":"2025-09-13T06:26:28.497Z","type":"request","method":"POST","url":"/api/coordinator/committee/members","status":400,"durationMs":4,"userId":"68c4f7ee67874bacbbdce2bb","ip":"::1"}
{"ts":"2025-09-13T06:27:31.017Z","type":"request","method":"GET","url":"/api/coordinator/reports","status":404,"durationMs":1,"userId":null,"ip":"::1"}
{"ts":"2025-09-13T06:27:31.020Z","type":"request","method":"GET","url":"/api/coordinator/reports","status":404,"durationMs":1,"userId":null,"ip":"::1"}
{"ts":"2025-09-13T06:29:42.291Z","type":"request","method":"GET","url":"/api/auth/me","status":200,"durationMs":33,"userId":"68c4f7ee67874bacbbdce2bb","ip":"::1"}
{"ts":"2025-09-13T06:29:42.299Z","type":"request","method":"GET","url":"/api/auth/me","status":200,"durationMs":24,"userId":"68c4f7ee67874bacbbdce2bb","ip":"::1"}
{"ts":"2025-09-13T06:29:42.387Z","type":"request","method":"GET","url":"/api/coordinator/reports","status":200,"durationMs":46,"userId":"68c4f7ee67874bacbbdce2bb","ip":"::1"}
{"ts":"2025-09-13T06:29:42.389Z","type":"request","method":"GET","url":"/api/coordinator/reports","status":200,"durationMs":40,"userId":"68c4f7ee67874bacbbdce2bb","ip":"::1"}
{"ts":"2025-09-13T06:30:15.535Z","type":"request","method":"GET","url":"/api/registrations/users/68c4f7ee67874bacbbdce2bb/registrations","status":200,"durationMs":65,"userId":"68c4f7ee67874bacbbdce2bb","ip":"::1"}
{"ts":"2025-09-13T06:30:15.601Z","type":"request","method":"GET","url":"/api/registrations/users/68c4f7ee67874bacbbdce2bb/registrations","status":200,"durationMs":122,"userId":"68c4f7ee67874bacbbdce2bb","ip":"::1"}
{"ts":"2025-09-13T06:30:17.670Z","type":"request","method":"GET","url":"/api/coordinator/members/available","status":200,"durationMs":23,"userId":"68c4f7ee67874bacbbdce2bb","ip":"::1"}
{"ts":"2025-09-13T06:30:17.682Z","type":"request","method":"GET","url":"/api/coordinator/members/available","status":200,"durationMs":32,"userId":"68c4f7ee67874bacbbdce2bb","ip":"::1"}
{"ts":"2025-09-13T06:30:17.699Z","type":"request","method":"GET","url":"/api/coordinator/dashboard","status":200,"durationMs":54,"userId":"68c4f7ee67874bacbbdce2bb","ip":"::1"}
{"ts":"2025-09-13T06:30:17.717Z","type":"request","method":"GET","url":"/api/coordinator/dashboard","status":200,"durationMs":69,"userId":"68c4f7ee67874bacbbdce2bb","ip":"::1"}
{"ts":"2025-09-13T06:30:26.063Z","type":"request","method":"GET","url":"/api/auth/me","status":200,"durationMs":10,"userId":"68c4f7ee67874bacbbdce2bb","ip":"::1"}
{"ts":"2025-09-13T06:30:26.076Z","type":"request","method":"GET","url":"/api/auth/me","status":200,"durationMs":16,"userId":"68c4f7ee67874bacbbdce2bb","ip":"::1"}
{"ts":"2025-09-13T06:30:26.212Z","type":"request","method":"GET","url":"/api/coordinator/members/available","status":200,"durationMs":70,"userId":"68c4f7ee67874bacbbdce2bb","ip":"::1"}
{"ts":"2025-09-13T06:30:26.218Z","type":"request","method":"GET","url":"/api/coordinator/members/available","status":200,"durationMs":71,"userId":"68c4f7ee67874bacbbdce2bb","ip":"::1"}
{"ts":"2025-09-13T06:30:26.230Z","type":"request","method":"GET","url":"/api/coordinator/dashboard","status":200,"durationMs":103,"userId":"68c4f7ee67874bacbbdce2bb","ip":"::1"}
{"ts":"2025-09-13T06:30:26.247Z","type":"request","method":"GET","url":"/api/coordinator/dashboard","status":200,"durationMs":103,"userId":"68c4f7ee67874bacbbdce2bb","ip":"::1"}
{"ts":"2025-09-13T06:30:28.694Z","type":"request","method":"GET","url":"/api/events","status":200,"durationMs":25,"userId":null,"ip":"::1"}
{"ts":"2025-09-13T06:30:28.718Z","type":"request","method":"GET","url":"/api/events","status":200,"durationMs":50,"userId":null,"ip":"::1"}
{"ts":"2025-09-13T06:30:28.773Z","type":"request","method":"GET","url":"/api/coordinator/registrations","status":200,"durationMs":39,"userId":"68c4f7ee67874bacbbdce2bb","ip":"::1"}
{"ts":"2025-09-13T06:30:28.775Z","type":"request","method":"GET","url":"/api/coordinator/registrations","status":200,"durationMs":55,"userId":"68c4f7ee67874bacbbdce2bb","ip":"::1"}
{"ts":"2025-09-13T06:30:34.740Z","type":"request","method":"GET","url":"/api/auth/me","status":200,"durationMs":14,"userId":"68c4f7ee67874bacbbdce2bb","ip":"::1"}
{"ts":"2025-09-13T06:30:34.757Z","type":"request","method":"GET","url":"/api/auth/me","status":200,"durationMs":29,"userId":"68c4f7ee67874bacbbdce2bb","ip":"::1"}
{"ts":"2025-09-13T06:30:34.877Z","type":"request","method":"GET","url":"/api/events","status":200,"durationMs":18,"userId":null,"ip":"::1"}
{"ts":"2025-09-13T06:30:34.897Z","type":"request","method":"GET","url":"/api/events","status":200,"durationMs":36,"userId":null,"ip":"::1"}
{"ts":"2025-09-13T06:30:34.942Z","type":"request","method":"GET","url":"/api/coordinator/registrations","status":200,"durationMs":29,"userId":"68c4f7ee67874bacbbdce2bb","ip":"::1"}
{"ts":"2025-09-13T06:30:34.930Z","type":"request","method":"GET","url":"/api/coordinator/registrations","status":200,"durationMs":20,"userId":"68c4f7ee67874bacbbdce2bb","ip":"::1"}
{"ts":"2025-09-13T06:30:42.888Z","type":"request","method":"GET","url":"/api/auth/me","status":200,"durationMs":11,"userId":"68c4f7ee67874bacbbdce2bb","ip":"::1"}
{"ts":"2025-09-13T06:30:42.892Z","type":"request","method":"GET","url":"/api/auth/me","status":200,"durationMs":13,"userId":"68c4f7ee67874bacbbdce2bb","ip":"::1"}
{"ts":"2025-09-13T06:30:42.958Z","type":"request","method":"GET","url":"/api/coordinator/members/available","status":200,"durationMs":18,"userId":"68c4f7ee67874bacbbdce2bb","ip":"::1"}
{"ts":"2025-09-13T06:30:42.963Z","type":"request","method":"GET","url":"/api/coordinator/members/available","status":200,"durationMs":18,"userId":"68c4f7ee67874bacbbdce2bb","ip":"::1"}
{"ts":"2025-09-13T06:30:42.975Z","type":"request","method":"GET","url":"/api/coordinator/dashboard","status":200,"durationMs":39,"userId":"68c4f7ee67874bacbbdce2bb","ip":"::1"}
{"ts":"2025-09-13T06:30:42.977Z","type":"request","method":"GET","url":"/api/coordinator/dashboard","status":200,"durationMs":35,"userId":"68c4f7ee67874bacbbdce2bb","ip":"::1"}
{"ts":"2025-09-13T06:30:48.397Z","type":"request","method":"POST","url":"/api/coordinator/committee/members","status":400,"durationMs":7,"userId":"68c4f7ee67874bacbbdce2bb","ip":"::1"}
{"ts":"2025-09-13T06:32:25.174Z","type":"request","method":"GET","url":"/api/coordinator/members/available","status":200,"durationMs":11,"userId":"68c4f7ee67874bacbbdce2bb","ip":"::1"}
{"ts":"2025-09-13T06:32:25.177Z","type":"request","method":"GET","url":"/api/coordinator/dashboard","status":200,"durationMs":20,"userId":"68c4f7ee67874bacbbdce2bb","ip":"::1"}
{"ts":"2025-09-13T06:32:27.213Z","type":"request","method":"GET","url":"/api/admin/stats","status":200,"durationMs":21,"userId":"68c4356063384434d5899e0b","ip":"::1"}
{"ts":"2025-09-13T06:32:27.236Z","type":"request","method":"GET","url":"/api/committee","status":200,"durationMs":10,"userId":"68c4356063384434d5899e0b","ip":"::1"}
{"ts":"2025-09-13T06:32:27.275Z","type":"request","method":"GET","url":"/api/events","status":200,"durationMs":11,"userId":null,"ip":"::1"}
{"ts":"2025-09-13T06:32:27.329Z","type":"request","method":"GET","url":"/api/admin/users","status":200,"durationMs":7,"userId":"68c4356063384434d5899e0b","ip":"::1"}
{"ts":"2025-09-13T06:34:26.208Z","type":"request","method":"GET","url":"/api/admin/stats","status":200,"durationMs":29,"userId":"68c4356063384434d5899e0b","ip":"::1"}
{"ts":"2025-09-13T06:34:26.314Z","type":"request","method":"GET","url":"/api/committee","status":200,"durationMs":93,"userId":"68c4356063384434d5899e0b","ip":"::1"}
{"ts":"2025-09-13T06:34:26.371Z","type":"request","method":"GET","url":"/api/events","status":200,"durationMs":6,"userId":null,"ip":"::1"}
{"ts":"2025-09-13T06:34:26.395Z","type":"request","method":"GET","url":"/api/admin/users","status":200,"durationMs":9,"userId":"68c4356063384434d5899e0b","ip":"::1"}
{"ts":"2025-09-13T06:34:30.275Z","type":"request","method":"GET","url":"/api/coordinator/dashboard","status":200,"durationMs":50,"userId":"68c4f7ee67874bacbbdce2bb","ip":"::1"}
{"ts":"2025-09-13T06:34:30.284Z","type":"request","method":"GET","url":"/api/admin/stats","status":200,"durationMs":53,"userId":"68c4356063384434d5899e0b","ip":"::1"}
{"ts":"2025-09-13T06:34:30.292Z","type":"request","method":"GET","url":"/api/coordinator/members/available","status":200,"durationMs":7,"userId":"68c4f7ee67874bacbbdce2bb","ip":"::1"}
{"ts":"2025-09-13T06:34:30.307Z","type":"request","method":"GET","url":"/api/committee","status":200,"durationMs":8,"userId":"68c4356063384434d5899e0b","ip":"::1"}
{"ts":"2025-09-13T06:34:30.323Z","type":"request","method":"GET","url":"/api/events","status":200,"durationMs":6,"userId":null,"ip":"::1"}
{"ts":"2025-09-13T06:34:30.342Z","type":"request","method":"GET","url":"/api/admin/users","status":200,"durationMs":7,"userId":"68c4356063384434d5899e0b","ip":"::1"}
{"ts":"2025-09-13T06:35:11.724Z","type":"request","method":"GET","url":"/api/coordinator/reports","status":200,"durationMs":152,"userId":"68c4f7ee67874bacbbdce2bb","ip":"::1"}
{"ts":"2025-09-13T06:35:11.730Z","type":"request","method":"GET","url":"/api/coordinator/reports","status":200,"durationMs":68,"userId":"68c4f7ee67874bacbbdce2bb","ip":"::1"}
{"ts":"2025-09-13T06:35:18.940Z","type":"request","method":"GET","url":"/api/events","status":200,"durationMs":29,"userId":null,"ip":"::1"}
{"ts":"2025-09-13T06:35:18.952Z","type":"request","method":"GET","url":"/api/events","status":200,"durationMs":37,"userId":null,"ip":"::1"}
{"ts":"2025-09-13T06:35:19.060Z","type":"request","method":"GET","url":"/api/coordinator/registrations","status":200,"durationMs":89,"userId":"68c4f7ee67874bacbbdce2bb","ip":"::1"}
{"ts":"2025-09-13T06:35:19.062Z","type":"request","method":"GET","url":"/api/coordinator/registrations","status":200,"durationMs":89,"userId":"68c4f7ee67874bacbbdce2bb","ip":"::1"}
{"ts":"2025-09-13T06:35:22.640Z","type":"request","method":"GET","url":"/api/auth/me","status":200,"durationMs":11,"userId":"68c4f7ee67874bacbbdce2bb","ip":"::1"}
{"ts":"2025-09-13T06:35:22.646Z","type":"request","method":"GET","url":"/api/auth/me","status":200,"durationMs":9,"userId":"68c4f7ee67874bacbbdce2bb","ip":"::1"}
{"ts":"2025-09-13T06:35:22.724Z","type":"request","method":"GET","url":"/api/coordinator/reports","status":200,"durationMs":28,"userId":"68c4f7ee67874bacbbdce2bb","ip":"::1"}
{"ts":"2025-09-13T06:35:22.739Z","type":"request","method":"GET","url":"/api/coordinator/reports","status":200,"durationMs":41,"userId":"68c4f7ee67874bacbbdce2bb","ip":"::1"}
{"ts":"2025-09-13T06:35:46.003Z","type":"request","method":"GET","url":"/api/coordinator/dashboard","status":200,"durationMs":53,"userId":"68c4f7ee67874bacbbdce2bb","ip":"::1"}
{"ts":"2025-09-13T06:35:46.008Z","type":"request","method":"GET","url":"/api/coordinator/members/available","status":200,"durationMs":38,"userId":"68c4f7ee67874bacbbdce2bb","ip":"::1"}
{"ts":"2025-09-13T06:35:46.018Z","type":"request","method":"GET","url":"/api/coordinator/members/available","status":200,"durationMs":41,"userId":"68c4f7ee67874bacbbdce2bb","ip":"::1"}
{"ts":"2025-09-13T06:35:46.044Z","type":"request","method":"GET","url":"/api/coordinator/dashboard","status":200,"durationMs":71,"userId":"68c4f7ee67874bacbbdce2bb","ip":"::1"}
{"ts":"2025-09-13T06:35:50.719Z","type":"request","method":"POST","url":"/api/coordinator/committee/members","status":400,"durationMs":9,"userId":"68c4f7ee67874bacbbdce2bb","ip":"::1"}
{"ts":"2025-09-13T06:35:53.068Z","type":"request","method":"POST","url":"/api/coordinator/committee/members","status":400,"durationMs":2,"userId":"68c4f7ee67874bacbbdce2bb","ip":"::1"}
{"ts":"2025-09-13T06:36:25.249Z","type":"request","method":"GET","url":"/api/coordinator/members/available","status":200,"durationMs":47,"userId":"68c4f7ee67874bacbbdce2bb","ip":"::1"}
{"ts":"2025-09-13T06:36:25.266Z","type":"request","method":"GET","url":"/api/coordinator/dashboard","status":200,"durationMs":77,"userId":"68c4f7ee67874bacbbdce2bb","ip":"::1"}
{"ts":"2025-09-13T06:36:25.283Z","type":"request","method":"GET","url":"/api/admin/stats","status":200,"durationMs":67,"userId":"68c4356063384434d5899e0b","ip":"::1"}
{"ts":"2025-09-13T06:36:25.309Z","type":"request","method":"GET","url":"/api/committee","status":200,"durationMs":15,"userId":"68c4356063384434d5899e0b","ip":"::1"}
{"ts":"2025-09-13T06:36:25.328Z","type":"request","method":"GET","url":"/api/events","status":200,"durationMs":7,"userId":null,"ip":"::1"}
{"ts":"2025-09-13T06:36:25.356Z","type":"request","method":"GET","url":"/api/admin/users","status":200,"durationMs":8,"userId":"68c4356063384434d5899e0b","ip":"::1"}
{"ts":"2025-09-13T08:32:11.234Z","type":"request","method":"GET","url":"/api/auth/me","status":200,"durationMs":5,"userId":"68c4f7ee67874bacbbdce2bb","ip":"::1"}
{"ts":"2025-09-13T08:32:12.497Z","type":"request","method":"GET","url":"/api/auth/me","status":200,"durationMs":4,"userId":"68c4356063384434d5899e0b","ip":"::1"}
{"ts":"2025-09-13T08:32:12.512Z","type":"request","method":"GET","url":"/api/auth/me","status":200,"durationMs":3,"userId":"68c4356063384434d5899e0b","ip":"::1"}
{"ts":"2025-09-13T08:32:12.614Z","type":"request","method":"GET","url":"/api/auth/me","status":200,"durationMs":3,"userId":"68c4f7ee67874bacbbdce2bb","ip":"::1"}
{"ts":"2025-09-13T08:32:12.939Z","type":"request","method":"GET","url":"/api/coordinator/dashboard","status":200,"durationMs":19,"userId":"68c4f7ee67874bacbbdce2bb","ip":"::1"}
{"ts":"2025-09-13T08:32:12.944Z","type":"request","method":"GET","url":"/api/coordinator/members/available","status":200,"durationMs":10,"userId":"68c4f7ee67874bacbbdce2bb","ip":"::1"}
{"ts":"2025-09-13T08:32:12.970Z","type":"request","method":"GET","url":"/api/coordinator/dashboard","status":200,"durationMs":24,"userId":"68c4f7ee67874bacbbdce2bb","ip":"::1"}
{"ts":"2025-09-13T08:32:12.976Z","type":"request","method":"GET","url":"/api/coordinator/members/available","status":200,"durationMs":11,"userId":"68c4f7ee67874bacbbdce2bb","ip":"::1"}
{"ts":"2025-09-13T08:32:14.436Z","type":"request","method":"GET","url":"/api/admin/stats","status":200,"durationMs":220,"userId":"68c4356063384434d5899e0b","ip":"::1"}
{"ts":"2025-09-13T08:32:14.921Z","type":"request","method":"GET","url":"/api/admin/stats","status":200,"durationMs":351,"userId":"68c4356063384434d5899e0b","ip":"::1"}
{"ts":"2025-09-13T08:32:15.091Z","type":"request","method":"GET","url":"/api/committee","status":200,"durationMs":11,"userId":"68c4356063384434d5899e0b","ip":"::1"}
{"ts":"2025-09-13T08:32:15.126Z","type":"request","method":"GET","url":"/api/committee","status":200,"durationMs":10,"userId":"68c4356063384434d5899e0b","ip":"::1"}
{"ts":"2025-09-13T08:32:15.198Z","type":"request","method":"GET","url":"/api/events","status":200,"durationMs":9,"userId":null,"ip":"::1"}
{"ts":"2025-09-13T08:32:15.227Z","type":"request","method":"GET","url":"/api/events","status":200,"durationMs":7,"userId":null,"ip":"::1"}
{"ts":"2025-09-13T08:32:15.341Z","type":"request","method":"GET","url":"/api/admin/users","status":200,"durationMs":8,"userId":"68c4356063384434d5899e0b","ip":"::1"}
{"ts":"2025-09-13T08:32:15.356Z","type":"request","method":"GET","url":"/api/admin/users","status":200,"durationMs":14,"userId":"68c4356063384434d5899e0b","ip":"::1"}
